Classic Timing Analyzer report for lab06
Wed Feb 23 16:59:38 2011
Quartus II Version 10.0 Build 218 06/27/2010 SJ Full Version


---------------------
; Table of Contents ;
---------------------
  1. Legal Notice
  2. Classic Timing Analyzer Deprecation
  3. Timing Analyzer Summary
  4. Timing Analyzer Settings
  5. Parallel Compilation
  6. tpd
  7. Timing Analyzer Messages



----------------
; Legal Notice ;
----------------
Copyright (C) 1991-2010 Altera Corporation
Your use of Altera Corporation's design tools, logic functions 
and other software and tools, and its AMPP partner logic 
functions, and any output files from any of the foregoing 
(including device programming or simulation files), and any 
associated documentation or information are expressly subject 
to the terms and conditions of the Altera Program License 
Subscription Agreement, Altera MegaCore Function License 
Agreement, or other applicable license agreement, including, 
without limitation, that your use is for the sole purpose of 
programming logic devices manufactured by Altera and sold by 
Altera or its authorized distributors.  Please refer to the 
applicable agreement for further details.



---------------------------------------
; Classic Timing Analyzer Deprecation ;
---------------------------------------
Classic Timing Analyzer will not be available in a future release of the Quartus II software. Use the TimeQuest Timing Analyzer to run timing analysis on your design. Convert all the project settings and the timing constraints to TimeQuest Timing Analyzer equivalents.


+-----------------------------------------------------------------------------------------------------------------------------+
; Timing Analyzer Summary                                                                                                     ;
+------------------------------+-------+---------------+-------------+-------+---------+------------+----------+--------------+
; Type                         ; Slack ; Required Time ; Actual Time ; From  ; To      ; From Clock ; To Clock ; Failed Paths ;
+------------------------------+-------+---------------+-------------+-------+---------+------------+----------+--------------+
; Worst-case tpd               ; N/A   ; None          ; 11.895 ns   ; SW[0] ; HEX1[0] ; --         ; --       ; 0            ;
; Total number of failed paths ;       ;               ;             ;       ;         ;            ;          ; 0            ;
+------------------------------+-------+---------------+-------------+-------+---------+------------+----------+--------------+


+-----------------------------------------------------------------------------------------------------------------------------------------------------+
; Timing Analyzer Settings                                                                                                                            ;
+------------------------------------------------------------------------------------------------------+--------------------+------+----+-------------+
; Option                                                                                               ; Setting            ; From ; To ; Entity Name ;
+------------------------------------------------------------------------------------------------------+--------------------+------+----+-------------+
; Device Name                                                                                          ; EP2C35F672C6       ;      ;    ;             ;
; Timing Models                                                                                        ; Final              ;      ;    ;             ;
; Default hold multicycle                                                                              ; Same as Multicycle ;      ;    ;             ;
; Cut paths between unrelated clock domains                                                            ; On                 ;      ;    ;             ;
; Cut off read during write signal paths                                                               ; On                 ;      ;    ;             ;
; Cut off feedback from I/O pins                                                                       ; On                 ;      ;    ;             ;
; Report Combined Fast/Slow Timing                                                                     ; Off                ;      ;    ;             ;
; Ignore Clock Settings                                                                                ; Off                ;      ;    ;             ;
; Analyze latches as synchronous elements                                                              ; On                 ;      ;    ;             ;
; Enable Recovery/Removal analysis                                                                     ; Off                ;      ;    ;             ;
; Enable Clock Latency                                                                                 ; Off                ;      ;    ;             ;
; Use TimeQuest Timing Analyzer                                                                        ; Off                ;      ;    ;             ;
; Minimum Core Junction Temperature                                                                    ; 0                  ;      ;    ;             ;
; Maximum Core Junction Temperature                                                                    ; 85                 ;      ;    ;             ;
; Number of source nodes to report per destination node                                                ; 10                 ;      ;    ;             ;
; Number of destination nodes to report                                                                ; 10                 ;      ;    ;             ;
; Number of paths to report                                                                            ; 200                ;      ;    ;             ;
; Report Minimum Timing Checks                                                                         ; Off                ;      ;    ;             ;
; Use Fast Timing Models                                                                               ; Off                ;      ;    ;             ;
; Report IO Paths Separately                                                                           ; Off                ;      ;    ;             ;
; Perform Multicorner Analysis                                                                         ; On                 ;      ;    ;             ;
; Reports the worst-case path for each clock domain and analysis                                       ; Off                ;      ;    ;             ;
; Reports worst-case timing paths for each clock domain and analysis                                   ; On                 ;      ;    ;             ;
; Specifies the maximum number of worst-case timing paths to report for each clock domain and analysis ; 100                ;      ;    ;             ;
; Removes common clock path pessimism (CCPP) during slack computation                                  ; Off                ;      ;    ;             ;
+------------------------------------------------------------------------------------------------------+--------------------+------+----+-------------+


+------------------------------------------+
; Parallel Compilation                     ;
+----------------------------+-------------+
; Processors                 ; Number      ;
+----------------------------+-------------+
; Number detected on machine ; 4           ;
; Maximum allowed            ; 4           ;
;                            ;             ;
; Average used               ; 1.00        ;
; Maximum used               ; 1           ;
;                            ;             ;
; Usage by Processor         ; % Time Used ;
;     1 processor            ; 100.0%      ;
;     2-4 processors         ;   0.0%      ;
+----------------------------+-------------+


+-----------------------------------------------------------------------------------------------------------------------------------+
; tpd                                                                                                                               ;
+-----------------------------------------+-----------------------------------------------------+-----------------+-------+---------+
; Slack                                   ; Required P2P Time                                   ; Actual P2P Time ; From  ; To      ;
+-----------------------------------------+-----------------------------------------------------+-----------------+-------+---------+
; N/A                                     ; None                                                ; 11.895 ns       ; SW[0] ; HEX1[0] ;
; N/A                                     ; None                                                ; 11.748 ns       ; SW[0] ; HEX1[5] ;
; N/A                                     ; None                                                ; 11.744 ns       ; SW[8] ; HEX1[0] ;
; N/A                                     ; None                                                ; 11.734 ns       ; SW[0] ; HEX1[1] ;
; N/A                                     ; None                                                ; 11.597 ns       ; SW[8] ; HEX1[5] ;
; N/A                                     ; None                                                ; 11.583 ns       ; SW[8] ; HEX1[1] ;
; N/A                                     ; None                                                ; 11.470 ns       ; SW[0] ; HEX1[4] ;
; N/A                                     ; None                                                ; 11.450 ns       ; SW[0] ; HEX1[3] ;
; N/A                                     ; None                                                ; 11.319 ns       ; SW[8] ; HEX1[4] ;
; N/A                                     ; None                                                ; 11.299 ns       ; SW[8] ; HEX1[3] ;
; N/A                                     ; None                                                ; 11.248 ns       ; SW[0] ; HEX1[2] ;
; N/A                                     ; None                                                ; 11.147 ns       ; SW[2] ; HEX1[0] ;
; N/A                                     ; None                                                ; 11.111 ns       ; SW[0] ; LEDG[4] ;
; N/A                                     ; None                                                ; 11.097 ns       ; SW[8] ; HEX1[2] ;
; N/A                                     ; None                                                ; 11.057 ns       ; SW[0] ; HEX0[5] ;
; N/A                                     ; None                                                ; 11.047 ns       ; SW[0] ; LEDG[3] ;
; N/A                                     ; None                                                ; 11.029 ns       ; SW[0] ; HEX0[0] ;
; N/A                                     ; None                                                ; 11.000 ns       ; SW[2] ; HEX1[5] ;
; N/A                                     ; None                                                ; 10.986 ns       ; SW[2] ; HEX1[1] ;
; N/A                                     ; None                                                ; 10.960 ns       ; SW[8] ; LEDG[4] ;
; N/A                                     ; None                                                ; 10.935 ns       ; SW[0] ; HEX0[1] ;
; N/A                                     ; None                                                ; 10.906 ns       ; SW[8] ; HEX0[5] ;
; N/A                                     ; None                                                ; 10.896 ns       ; SW[8] ; LEDG[3] ;
; N/A                                     ; None                                                ; 10.883 ns       ; SW[0] ; HEX0[4] ;
; N/A                                     ; None                                                ; 10.878 ns       ; SW[8] ; HEX0[0] ;
; N/A                                     ; None                                                ; 10.831 ns       ; SW[0] ; HEX0[6] ;
; N/A                                     ; None                                                ; 10.784 ns       ; SW[8] ; HEX0[1] ;
; N/A                                     ; None                                                ; 10.763 ns       ; SW[0] ; HEX0[3] ;
; N/A                                     ; None                                                ; 10.746 ns       ; SW[4] ; HEX1[0] ;
; N/A                                     ; None                                                ; 10.732 ns       ; SW[8] ; HEX0[4] ;
; N/A                                     ; None                                                ; 10.722 ns       ; SW[2] ; HEX1[4] ;
; N/A                                     ; None                                                ; 10.702 ns       ; SW[2] ; HEX1[3] ;
; N/A                                     ; None                                                ; 10.689 ns       ; SW[0] ; LEDG[2] ;
; N/A                                     ; None                                                ; 10.680 ns       ; SW[8] ; HEX0[6] ;
; N/A                                     ; None                                                ; 10.612 ns       ; SW[8] ; HEX0[3] ;
; N/A                                     ; None                                                ; 10.599 ns       ; SW[4] ; HEX1[5] ;
; N/A                                     ; None                                                ; 10.585 ns       ; SW[4] ; HEX1[1] ;
; N/A                                     ; None                                                ; 10.576 ns       ; SW[1] ; HEX1[0] ;
; N/A                                     ; None                                                ; 10.538 ns       ; SW[8] ; LEDG[2] ;
; N/A                                     ; None                                                ; 10.500 ns       ; SW[2] ; HEX1[2] ;
; N/A                                     ; None                                                ; 10.429 ns       ; SW[1] ; HEX1[5] ;
; N/A                                     ; None                                                ; 10.415 ns       ; SW[1] ; HEX1[1] ;
; N/A                                     ; None                                                ; 10.406 ns       ; SW[0] ; HEX6[0] ;
; N/A                                     ; None                                                ; 10.369 ns       ; SW[0] ; HEX0[2] ;
; N/A                                     ; None                                                ; 10.363 ns       ; SW[2] ; LEDG[4] ;
; N/A                                     ; None                                                ; 10.321 ns       ; SW[4] ; HEX1[4] ;
; N/A                                     ; None                                                ; 10.309 ns       ; SW[2] ; HEX0[5] ;
; N/A                                     ; None                                                ; 10.301 ns       ; SW[4] ; HEX1[3] ;
; N/A                                     ; None                                                ; 10.299 ns       ; SW[2] ; LEDG[3] ;
; N/A                                     ; None                                                ; 10.281 ns       ; SW[2] ; HEX0[0] ;
; N/A                                     ; None                                                ; 10.218 ns       ; SW[8] ; HEX0[2] ;
; N/A                                     ; None                                                ; 10.187 ns       ; SW[2] ; HEX0[1] ;
; N/A                                     ; None                                                ; 10.151 ns       ; SW[1] ; HEX1[4] ;
; N/A                                     ; None                                                ; 10.135 ns       ; SW[2] ; HEX0[4] ;
; N/A                                     ; None                                                ; 10.135 ns       ; SW[2] ; LEDG[2] ;
; N/A                                     ; None                                                ; 10.131 ns       ; SW[1] ; HEX1[3] ;
; N/A                                     ; None                                                ; 10.099 ns       ; SW[4] ; HEX1[2] ;
; N/A                                     ; None                                                ; 10.083 ns       ; SW[2] ; HEX0[6] ;
; N/A                                     ; None                                                ; 10.083 ns       ; SW[6] ; HEX1[0] ;
; N/A                                     ; None                                                ; 10.015 ns       ; SW[2] ; HEX0[3] ;
; N/A                                     ; None                                                ; 9.962 ns        ; SW[4] ; LEDG[4] ;
; N/A                                     ; None                                                ; 9.936 ns        ; SW[6] ; HEX1[5] ;
; N/A                                     ; None                                                ; 9.929 ns        ; SW[1] ; HEX1[2] ;
; N/A                                     ; None                                                ; 9.922 ns        ; SW[6] ; HEX1[1] ;
; N/A                                     ; None                                                ; 9.908 ns        ; SW[4] ; HEX0[5] ;
; N/A                                     ; None                                                ; 9.901 ns        ; SW[5] ; HEX1[0] ;
; N/A                                     ; None                                                ; 9.898 ns        ; SW[4] ; LEDG[3] ;
; N/A                                     ; None                                                ; 9.880 ns        ; SW[4] ; HEX0[0] ;
; N/A                                     ; None                                                ; 9.792 ns        ; SW[1] ; LEDG[4] ;
; N/A                                     ; None                                                ; 9.786 ns        ; SW[4] ; HEX0[1] ;
; N/A                                     ; None                                                ; 9.754 ns        ; SW[5] ; HEX1[5] ;
; N/A                                     ; None                                                ; 9.740 ns        ; SW[5] ; HEX1[1] ;
; N/A                                     ; None                                                ; 9.738 ns        ; SW[1] ; HEX0[5] ;
; N/A                                     ; None                                                ; 9.734 ns        ; SW[4] ; HEX0[4] ;
; N/A                                     ; None                                                ; 9.728 ns        ; SW[1] ; LEDG[3] ;
; N/A                                     ; None                                                ; 9.710 ns        ; SW[1] ; HEX0[0] ;
; N/A                                     ; None                                                ; 9.682 ns        ; SW[4] ; HEX0[6] ;
; N/A                                     ; None                                                ; 9.681 ns        ; SW[0] ; LEDG[1] ;
; N/A                                     ; None                                                ; 9.671 ns        ; SW[7] ; HEX1[0] ;
; N/A                                     ; None                                                ; 9.658 ns        ; SW[6] ; HEX1[4] ;
; N/A                                     ; None                                                ; 9.639 ns        ; SW[2] ; HEX0[2] ;
; N/A                                     ; None                                                ; 9.638 ns        ; SW[6] ; HEX1[3] ;
; N/A                                     ; None                                                ; 9.616 ns        ; SW[1] ; HEX0[1] ;
; N/A                                     ; None                                                ; 9.614 ns        ; SW[4] ; HEX0[3] ;
; N/A                                     ; None                                                ; 9.611 ns        ; SW[2] ; HEX6[0] ;
; N/A                                     ; None                                                ; 9.564 ns        ; SW[1] ; HEX0[4] ;
; N/A                                     ; None                                                ; 9.540 ns        ; SW[4] ; LEDG[2] ;
; N/A                                     ; None                                                ; 9.530 ns        ; SW[8] ; LEDG[1] ;
; N/A                                     ; None                                                ; 9.524 ns        ; SW[7] ; HEX1[5] ;
; N/A                                     ; None                                                ; 9.521 ns        ; SW[1] ; HEX6[0] ;
; N/A                                     ; None                                                ; 9.512 ns        ; SW[1] ; HEX0[6] ;
; N/A                                     ; None                                                ; 9.510 ns        ; SW[7] ; HEX1[1] ;
; N/A                                     ; None                                                ; 9.476 ns        ; SW[5] ; HEX1[4] ;
; N/A                                     ; None                                                ; 9.456 ns        ; SW[5] ; HEX1[3] ;
; N/A                                     ; None                                                ; 9.444 ns        ; SW[1] ; HEX0[3] ;
; N/A                                     ; None                                                ; 9.436 ns        ; SW[6] ; HEX1[2] ;
; N/A                                     ; None                                                ; 9.372 ns        ; SW[1] ; LEDG[2] ;
; N/A                                     ; None                                                ; 9.299 ns        ; SW[6] ; LEDG[4] ;
; N/A                                     ; None                                                ; 9.254 ns        ; SW[5] ; HEX1[2] ;
; N/A                                     ; None                                                ; 9.246 ns        ; SW[7] ; HEX1[4] ;
; N/A                                     ; None                                                ; 9.245 ns        ; SW[6] ; HEX0[5] ;
; N/A                                     ; None                                                ; 9.235 ns        ; SW[6] ; LEDG[3] ;
; N/A                                     ; None                                                ; 9.226 ns        ; SW[7] ; HEX1[3] ;
; N/A                                     ; None                                                ; 9.220 ns        ; SW[4] ; HEX0[2] ;
; N/A                                     ; None                                                ; 9.217 ns        ; SW[6] ; HEX0[0] ;
; N/A                                     ; None                                                ; 9.123 ns        ; SW[6] ; HEX0[1] ;
; N/A                                     ; None                                                ; 9.117 ns        ; SW[5] ; LEDG[4] ;
; N/A                                     ; None                                                ; 9.095 ns        ; SW[3] ; HEX1[0] ;
; N/A                                     ; None                                                ; 9.071 ns        ; SW[6] ; HEX0[4] ;
; N/A                                     ; None                                                ; 9.063 ns        ; SW[5] ; HEX0[5] ;
; N/A                                     ; None                                                ; 9.053 ns        ; SW[5] ; LEDG[3] ;
; N/A                                     ; None                                                ; 9.050 ns        ; SW[1] ; HEX0[2] ;
; N/A                                     ; None                                                ; 9.035 ns        ; SW[5] ; HEX0[0] ;
; N/A                                     ; None                                                ; 9.024 ns        ; SW[7] ; HEX1[2] ;
; N/A                                     ; None                                                ; 9.020 ns        ; SW[6] ; LEDG[2] ;
; N/A                                     ; None                                                ; 9.019 ns        ; SW[6] ; HEX0[6] ;
; N/A                                     ; None                                                ; 9.013 ns        ; SW[7] ; HEX4[6] ;
; N/A                                     ; None                                                ; 8.958 ns        ; SW[7] ; HEX4[2] ;
; N/A                                     ; None                                                ; 8.953 ns        ; SW[0] ; LEDG[0] ;
; N/A                                     ; None                                                ; 8.951 ns        ; SW[6] ; HEX0[3] ;
; N/A                                     ; None                                                ; 8.948 ns        ; SW[3] ; HEX1[5] ;
; N/A                                     ; None                                                ; 8.941 ns        ; SW[5] ; HEX0[1] ;
; N/A                                     ; None                                                ; 8.934 ns        ; SW[3] ; HEX1[1] ;
; N/A                                     ; None                                                ; 8.889 ns        ; SW[5] ; HEX0[4] ;
; N/A                                     ; None                                                ; 8.887 ns        ; SW[7] ; LEDG[4] ;
; N/A                                     ; None                                                ; 8.838 ns        ; SW[7] ; HEX0[5] ;
; N/A                                     ; None                                                ; 8.837 ns        ; SW[5] ; HEX0[6] ;
; N/A                                     ; None                                                ; 8.828 ns        ; SW[7] ; LEDG[3] ;
; N/A                                     ; None                                                ; 8.810 ns        ; SW[7] ; HEX0[0] ;
; N/A                                     ; None                                                ; 8.804 ns        ; SW[8] ; LEDG[0] ;
; N/A                                     ; None                                                ; 8.782 ns        ; SW[7] ; HEX4[5] ;
; N/A                                     ; None                                                ; 8.769 ns        ; SW[5] ; HEX0[3] ;
; N/A                                     ; None                                                ; 8.713 ns        ; SW[3] ; HEX6[0] ;
; N/A                                     ; None                                                ; 8.711 ns        ; SW[7] ; HEX0[1] ;
; N/A                                     ; None                                                ; 8.670 ns        ; SW[3] ; HEX1[4] ;
; N/A                                     ; None                                                ; 8.659 ns        ; SW[7] ; HEX0[4] ;
; N/A                                     ; None                                                ; 8.650 ns        ; SW[3] ; HEX1[3] ;
; N/A                                     ; None                                                ; 8.612 ns        ; SW[7] ; HEX0[6] ;
; N/A                                     ; None                                                ; 8.561 ns        ; SW[5] ; HEX4[6] ;
; N/A                                     ; None                                                ; 8.557 ns        ; SW[6] ; HEX0[2] ;
; N/A                                     ; None                                                ; 8.554 ns        ; SW[5] ; LEDG[2] ;
; N/A                                     ; None                                                ; 8.544 ns        ; SW[7] ; HEX0[3] ;
; N/A                                     ; None                                                ; 8.532 ns        ; SW[4] ; LEDG[1] ;
; N/A                                     ; None                                                ; 8.530 ns        ; SW[7] ; HEX4[3] ;
; N/A                                     ; None                                                ; 8.528 ns        ; SW[4] ; HEX4[6] ;
; N/A                                     ; None                                                ; 8.508 ns        ; SW[5] ; HEX4[2] ;
; N/A                                     ; None                                                ; 8.474 ns        ; SW[4] ; HEX4[2] ;
; N/A                                     ; None                                                ; 8.448 ns        ; SW[3] ; HEX1[2] ;
; N/A                                     ; None                                                ; 8.375 ns        ; SW[5] ; HEX0[2] ;
; N/A                                     ; None                                                ; 8.361 ns        ; SW[1] ; LEDG[1] ;
; N/A                                     ; None                                                ; 8.334 ns        ; SW[5] ; HEX4[5] ;
; N/A                                     ; None                                                ; 8.311 ns        ; SW[3] ; LEDG[4] ;
; N/A                                     ; None                                                ; 8.298 ns        ; SW[4] ; HEX4[5] ;
; N/A                                     ; None                                                ; 8.259 ns        ; SW[3] ; HEX0[5] ;
; N/A                                     ; None                                                ; 8.249 ns        ; SW[3] ; LEDG[3] ;
; N/A                                     ; None                                                ; 8.231 ns        ; SW[3] ; HEX0[0] ;
; N/A                                     ; None                                                ; 8.213 ns        ; SW[6] ; HEX4[6] ;
; N/A                                     ; None                                                ; 8.177 ns        ; SW[6] ; HEX4[2] ;
; N/A                                     ; None                                                ; 8.145 ns        ; SW[7] ; HEX0[2] ;
; N/A                                     ; None                                                ; 8.135 ns        ; SW[3] ; HEX0[1] ;
; N/A                                     ; None                                                ; 8.125 ns        ; SW[7] ; HEX4[1] ;
; N/A                                     ; None                                                ; 8.083 ns        ; SW[3] ; HEX0[4] ;
; N/A                                     ; None                                                ; 8.081 ns        ; SW[5] ; HEX4[3] ;
; N/A                                     ; None                                                ; 8.073 ns        ; SW[7] ; HEX4[4] ;
; N/A                                     ; None                                                ; 8.046 ns        ; SW[4] ; HEX4[3] ;
; N/A                                     ; None                                                ; 8.033 ns        ; SW[3] ; HEX0[6] ;
; N/A                                     ; None                                                ; 8.002 ns        ; SW[6] ; HEX4[5] ;
; N/A                                     ; None                                                ; 7.965 ns        ; SW[3] ; HEX0[3] ;
; N/A                                     ; None                                                ; 7.874 ns        ; SW[7] ; HEX4[0] ;
; N/A                                     ; None                                                ; 7.804 ns        ; SW[4] ; LEDG[0] ;
; N/A                                     ; None                                                ; 7.768 ns        ; SW[0] ; HEX6[3] ;
; N/A                                     ; None                                                ; 7.766 ns        ; SW[0] ; HEX6[5] ;
; N/A                                     ; None                                                ; 7.766 ns        ; SW[0] ; HEX6[4] ;
; N/A                                     ; None                                                ; 7.751 ns        ; SW[0] ; HEX6[6] ;
; N/A                                     ; None                                                ; 7.750 ns        ; SW[6] ; HEX4[3] ;
; N/A                                     ; None                                                ; 7.676 ns        ; SW[5] ; HEX4[1] ;
; N/A                                     ; None                                                ; 7.642 ns        ; SW[4] ; HEX4[1] ;
; N/A                                     ; None                                                ; 7.624 ns        ; SW[5] ; HEX4[4] ;
; N/A                                     ; None                                                ; 7.589 ns        ; SW[4] ; HEX4[4] ;
; N/A                                     ; None                                                ; 7.569 ns        ; SW[3] ; HEX0[2] ;
; N/A                                     ; None                                                ; 7.546 ns        ; SW[5] ; LEDG[1] ;
; N/A                                     ; None                                                ; 7.499 ns        ; SW[1] ; HEX6[4] ;
; N/A                                     ; None                                                ; 7.498 ns        ; SW[1] ; HEX6[5] ;
; N/A                                     ; None                                                ; 7.491 ns        ; SW[1] ; HEX6[3] ;
; N/A                                     ; None                                                ; 7.474 ns        ; SW[1] ; HEX6[6] ;
; N/A                                     ; None                                                ; 7.421 ns        ; SW[5] ; HEX4[0] ;
; N/A                                     ; None                                                ; 7.391 ns        ; SW[4] ; HEX4[0] ;
; N/A                                     ; None                                                ; 7.335 ns        ; SW[3] ; HEX6[4] ;
; N/A                                     ; None                                                ; 7.333 ns        ; SW[3] ; HEX6[5] ;
; N/A                                     ; None                                                ; 7.328 ns        ; SW[6] ; HEX4[1] ;
; N/A                                     ; None                                                ; 7.328 ns        ; SW[3] ; HEX6[3] ;
; N/A                                     ; None                                                ; 7.314 ns        ; SW[3] ; HEX6[6] ;
; N/A                                     ; None                                                ; 7.293 ns        ; SW[6] ; HEX4[4] ;
; N/A                                     ; None                                                ; 7.246 ns        ; SW[0] ; HEX6[1] ;
; N/A                                     ; None                                                ; 7.240 ns        ; SW[2] ; HEX6[4] ;
; N/A                                     ; None                                                ; 7.239 ns        ; SW[2] ; HEX6[5] ;
; N/A                                     ; None                                                ; 7.236 ns        ; SW[0] ; HEX6[2] ;
; N/A                                     ; None                                                ; 7.233 ns        ; SW[2] ; HEX6[3] ;
; N/A                                     ; None                                                ; 7.215 ns        ; SW[2] ; HEX6[6] ;
; N/A                                     ; None                                                ; 7.090 ns        ; SW[6] ; HEX4[0] ;
; Timing analysis restricted to 200 rows. ; To change the limit use Settings (Assignments menu) ;                 ;       ;         ;
+-----------------------------------------+-----------------------------------------------------+-----------------+-------+---------+


+--------------------------+
; Timing Analyzer Messages ;
+--------------------------+
Info: *******************************************************************
Info: Running Quartus II Classic Timing Analyzer
    Info: Version 10.0 Build 218 06/27/2010 SJ Full Version
    Info: Processing started: Wed Feb 23 16:59:36 2011
Info: Command: quartus_tan --read_settings_files=off --write_settings_files=off lab06 -c lab06 --timing_analysis_only
Warning: Classic Timing Analyzer will not be available in a future release of the Quartus II software. Use the TimeQuest Timing Analyzer to run timing analysis on your design. Convert all the project settings and the timing constraints to TimeQuest Timing Analyzer equivalents.
Info: Parallel compilation is enabled and will use 4 of the 4 processors detected
Info: Longest tpd from source pin "SW[0]" to destination pin "HEX1[0]" is 11.895 ns
    Info: 1: + IC(0.000 ns) + CELL(0.999 ns) = 0.999 ns; Loc. = PIN_N25; Fanout = 11; PIN Node = 'SW[0]'
    Info: 2: + IC(2.372 ns) + CELL(0.150 ns) = 3.521 ns; Loc. = LCCOMB_X30_Y3_N2; Fanout = 3; COMB Node = 'adder_2bitfull:U1|Cout~0'
    Info: 3: + IC(0.818 ns) + CELL(0.437 ns) = 4.776 ns; Loc. = LCCOMB_X29_Y7_N18; Fanout = 2; COMB Node = 'adder_2bitfull:U3|Cout~2'
    Info: 4: + IC(0.254 ns) + CELL(0.420 ns) = 5.450 ns; Loc. = LCCOMB_X29_Y7_N14; Fanout = 11; COMB Node = 'adder_2bitfull:U4|Cout~0'
    Info: 5: + IC(0.835 ns) + CELL(0.438 ns) = 6.723 ns; Loc. = LCCOMB_X30_Y3_N28; Fanout = 4; COMB Node = 'Mux12~0'
    Info: 6: + IC(2.383 ns) + CELL(2.789 ns) = 11.895 ns; Loc. = PIN_V20; Fanout = 0; PIN Node = 'HEX1[0]'
    Info: Total cell delay = 5.233 ns ( 43.99 % )
    Info: Total interconnect delay = 6.662 ns ( 56.01 % )
Info: Quartus II Classic Timing Analyzer was successful. 0 errors, 1 warning
    Info: Peak virtual memory: 173 megabytes
    Info: Processing ended: Wed Feb 23 16:59:38 2011
    Info: Elapsed time: 00:00:02
    Info: Total CPU time (on all processors): 00:00:01


