Flow report for de2_port
Wed May 04 11:20:44 2011
Quartus II Version 10.0 Build 218 06/27/2010 SJ Full Version


---------------------
; Table of Contents ;
---------------------
  1. Legal Notice
  2. Flow Summary
  3. Flow Settings
  4. Flow Non-Default Global Settings
  5. Flow Elapsed Time
  6. Flow OS Summary
  7. Flow Log



----------------
; Legal Notice ;
----------------
Copyright (C) 1991-2010 Altera Corporation
Your use of Altera Corporation's design tools, logic functions 
and other software and tools, and its AMPP partner logic 
functions, and any output files from any of the foregoing 
(including device programming or simulation files), and any 
associated documentation or information are expressly subject 
to the terms and conditions of the Altera Program License 
Subscription Agreement, Altera MegaCore Function License 
Agreement, or other applicable license agreement, including, 
without limitation, that your use is for the sole purpose of 
programming logic devices manufactured by Altera and sold by 
Altera or its authorized distributors.  Please refer to the 
applicable agreement for further details.



+--------------------------------------------------------------------------------+
; Flow Summary                                                                   ;
+------------------------------------+-------------------------------------------+
; Flow Status                        ; Successful - Wed May 04 11:20:44 2011     ;
; Quartus II Version                 ; 10.0 Build 218 06/27/2010 SJ Full Version ;
; Revision Name                      ; de2_port                                  ;
; Top-level Entity Name              ; de2_port                                  ;
; Family                             ; Cyclone II                                ;
; Device                             ; EP2C35F672C6                              ;
; Timing Models                      ; Final                                     ;
; Met timing requirements            ; Yes                                       ;
; Total logic elements               ; 388 / 33,216 ( 1 % )                      ;
;     Total combinational functions  ; 273 / 33,216 ( < 1 % )                    ;
;     Dedicated logic registers      ; 250 / 33,216 ( < 1 % )                    ;
; Total registers                    ; 250                                       ;
; Total pins                         ; 142 / 475 ( 30 % )                        ;
; Total virtual pins                 ; 0                                         ;
; Total memory bits                  ; 3,072 / 483,840 ( < 1 % )                 ;
; Embedded Multiplier 9-bit elements ; 0 / 70 ( 0 % )                            ;
; Total PLLs                         ; 0 / 4 ( 0 % )                             ;
+------------------------------------+-------------------------------------------+


+-----------------------------------------+
; Flow Settings                           ;
+-------------------+---------------------+
; Option            ; Setting             ;
+-------------------+---------------------+
; Start date & time ; 05/04/2011 11:20:14 ;
; Main task         ; Compilation         ;
; Revision Name     ; de2_port            ;
+-------------------+---------------------+


+-------------------------------------------------------------------------------------------------------------------------------+
; Flow Non-Default Global Settings                                                                                              ;
+-------------------------------------+----------------------------------------------+---------------+-------------+------------+
; Assignment Name                     ; Value                                        ; Default Value ; Entity Name ; Section Id ;
+-------------------------------------+----------------------------------------------+---------------+-------------+------------+
; COMPILER_SIGNATURE_ID               ; 203050747511865.130452961405480              ; --            ; --          ; --         ;
; MAX_CORE_JUNCTION_TEMP              ; 85                                           ; --            ; --          ; --         ;
; MIN_CORE_JUNCTION_TEMP              ; 0                                            ; --            ; --          ; --         ;
; MISC_FILE                           ; Z:/EE367/Final Project/DE2 Port/de2_port.dpf ; --            ; --          ; --         ;
; PARTITION_COLOR                     ; 16764057                                     ; --            ; --          ; Top        ;
; PARTITION_FITTER_PRESERVATION_LEVEL ; PLACEMENT_AND_ROUTING                        ; --            ; --          ; Top        ;
; PARTITION_NETLIST_TYPE              ; SOURCE                                       ; --            ; --          ; Top        ;
; POWER_BOARD_THERMAL_MODEL           ; None (CONSERVATIVE)                          ; --            ; --          ; --         ;
; POWER_PRESET_COOLING_SOLUTION       ; 23 MM HEAT SINK WITH 200 LFPM AIRFLOW        ; --            ; --          ; --         ;
+-------------------------------------+----------------------------------------------+---------------+-------------+------------+


+-----------------------------------------------------------------------------------------------------------------------------+
; Flow Elapsed Time                                                                                                           ;
+-------------------------+--------------+-------------------------+---------------------+------------------------------------+
; Module Name             ; Elapsed Time ; Average Processors Used ; Peak Virtual Memory ; Total CPU Time (on all processors) ;
+-------------------------+--------------+-------------------------+---------------------+------------------------------------+
; Analysis & Synthesis    ; 00:00:09     ; 1.0                     ; 240 MB              ; 00:00:05                           ;
; Fitter                  ; 00:00:08     ; 2.8                     ; 304 MB              ; 00:00:08                           ;
; Assembler               ; 00:00:04     ; 1.0                     ; 254 MB              ; 00:00:03                           ;
; Classic Timing Analyzer ; 00:00:02     ; 1.0                     ; 161 MB              ; 00:00:01                           ;
; Total                   ; 00:00:23     ; --                      ; --                  ; 00:00:17                           ;
+-------------------------+--------------+-------------------------+---------------------+------------------------------------+


+---------------------------------------------------------------------------------------+
; Flow OS Summary                                                                       ;
+-------------------------+------------------+------------+------------+----------------+
; Module Name             ; Machine Hostname ; OS Name    ; OS Version ; Processor type ;
+-------------------------+------------------+------------+------------+----------------+
; Analysis & Synthesis    ; ececb639-02      ; Windows XP ; 5.1        ; i686           ;
; Fitter                  ; ececb639-02      ; Windows XP ; 5.1        ; i686           ;
; Assembler               ; ececb639-02      ; Windows XP ; 5.1        ; i686           ;
; Classic Timing Analyzer ; ececb639-02      ; Windows XP ; 5.1        ; i686           ;
+-------------------------+------------------+------------+------------+----------------+


------------
; Flow Log ;
------------
quartus_map --read_settings_files=on --write_settings_files=off de2_port -c de2_port
quartus_fit --read_settings_files=off --write_settings_files=off de2_port -c de2_port
quartus_asm --read_settings_files=off --write_settings_files=off de2_port -c de2_port
quartus_tan --read_settings_files=off --write_settings_files=off de2_port -c de2_port --timing_analysis_only



